<?xml version="1.0" encoding="UTF-8"?>
<!-- Generated by org.testng.reporters.JUnitReportReporter -->
<testsuite hostname="BLLGOPALREDDY" failures="0" tests="4" name="com.advaita.TestTable.TestMasterFieldsSetTable" time="21.577" errors="0" timestamp="2024-06-19T15:20:19 IST" skipped="0">
  <testcase classname="com.advaita.TestTable.TestMasterFieldsSetTable" name="verifyTabsForFieldSetCreate" time="2.604"/>
  <system-out/>
  <testcase classname="com.advaita.TestTable.TestMasterFieldsSetTable" name="verifyTablePageSearch" time="1.455"/>
  <system-out/>
  <testcase classname="com.advaita.TestTable.TestMasterFieldsSetTable" name="verifyTableClearFilter" time="1.229"/>
  <system-out/>
  <testcase classname="com.advaita.TestTable.TestMasterFieldsSetTable" name="verifyTablePagePaginationr" time="16.289"/>
  <system-out/>
</testsuite> <!-- com.advaita.TestTable.TestMasterFieldsSetTable -->
