<?xml version="1.0" encoding="UTF-8"?>
<!-- Generated by org.testng.reporters.JUnitReportReporter -->
<testsuite hostname="BLLWYZABHIJITH" failures="0" tests="1" name="com.advaita.TestCreate.TestMenusSetupCreate" time="50.812" errors="0" timestamp="2024-09-08T11:11:19 IST" skipped="0">
  <testcase classname="com.advaita.TestCreate.TestMenusSetupCreate" name="menusSetupTable" time="50.812"/>
</testsuite> <!-- com.advaita.TestCreate.TestMenusSetupCreate -->
