<?xml version="1.0" encoding="UTF-8"?>
<!-- Generated by org.testng.reporters.JUnitReportReporter -->
<testsuite hostname="BLLGOPALREDDY" failures="0" tests="1" name="com.advaita.TestCreate.TestManualUpload" time="21.984" errors="0" timestamp="2024-09-03T16:49:17 IST" skipped="0">
  <testcase classname="com.advaita.TestCreate.TestManualUpload" name="verifyCreateManualUpload" time="21.984"/>
  <system-out/>
</testsuite> <!-- com.advaita.TestCreate.TestManualUpload -->
