<?xml version="1.0" encoding="UTF-8"?>
<!-- Generated by org.testng.reporters.JUnitReportReporter -->
<testsuite hostname="BLLGOPALREDDY" failures="0" tests="11" name="com.advaita.TestCreate.TestMasterFieldsSetCreate" time="100.458" errors="0" timestamp="2024-07-18T11:23:45 IST" skipped="0">
  <testcase classname="com.advaita.TestCreate.TestMasterFieldsSetCreate" name="verifyTabsForFieldSetCreate" time="3.173"/>
  <system-out/>
  <testcase classname="com.advaita.TestCreate.TestMasterFieldsSetCreate" name="verifyBeforeFieldSetCount" time="2.229"/>
  <system-out/>
  <testcase classname="com.advaita.TestCreate.TestMasterFieldsSetCreate" name="verifyFieldSetCreateButton" time="6.459"/>
  <system-out/>
  <testcase classname="com.advaita.TestCreate.TestMasterFieldsSetCreate" name="verifyQuestionSetNameField" time="0.719"/>
  <system-out/>
  <testcase classname="com.advaita.TestCreate.TestMasterFieldsSetCreate" name="verifyDefaultSection1" time="9.701"/>
  <system-out/>
  <testcase classname="com.advaita.TestCreate.TestMasterFieldsSetCreate" name="verifyByAddingQuestionsAndQuestionsType" time="17.978"/>
  <system-out/>
  <testcase classname="com.advaita.TestCreate.TestMasterFieldsSetCreate" name="verifyAddedSection2" time="1.576"/>
  <system-out/>
  <testcase classname="com.advaita.TestCreate.TestMasterFieldsSetCreate" name="verifyByAddingQuestionsAndQuestionsTypeInSection2" time="17.732"/>
  <system-out/>
  <testcase classname="com.advaita.TestCreate.TestMasterFieldsSetCreate" name="verifyCreateFieldSetTabularView" time="33.071"/>
  <system-out/>
  <testcase classname="com.advaita.TestCreate.TestMasterFieldsSetCreate" name="verifySaveInCreateFieldSet" time="3.377"/>
  <system-out/>
  <testcase classname="com.advaita.TestCreate.TestMasterFieldsSetCreate" name="verifyafterFieldSetCount" time="4.443"/>
  <system-out/>
</testsuite> <!-- com.advaita.TestCreate.TestMasterFieldsSetCreate -->
