<?xml version="1.0" encoding="UTF-8"?>
<!-- Generated by org.testng.reporters.JUnitReportReporter -->
<testsuite hostname="BLLGOPALREDDY" failures="0" tests="9" name="com.advaita.TestCreate.TestStagesCreate" time="24.944" errors="0" timestamp="2024-06-06T12:58:12 IST" skipped="0">
  <testcase classname="com.advaita.TestCreate.TestStagesCreate" name="navigateFetchRecord" time="12.334"/>
  <system-out/>
  <testcase classname="com.advaita.TestCreate.TestStagesCreate" name="VerifyStagesTabIsDisplayed" time="0.453"/>
  <system-out/>
  <testcase classname="com.advaita.TestCreate.TestStagesCreate" name="verifyCreateStagesButton" time="3.614"/>
  <system-out/>
  <testcase classname="com.advaita.TestCreate.TestStagesCreate" name="verifyStageNameTextBox" time="0.240"/>
  <system-out/>
  <testcase classname="com.advaita.TestCreate.TestStagesCreate" name="verifyStageSelectProcessDropDown" time="1.410"/>
  <system-out/>
  <testcase classname="com.advaita.TestCreate.TestStagesCreate" name="verifyStageSelectSubProcessDropDown" time="2.158"/>
  <system-out/>
  <testcase classname="com.advaita.TestCreate.TestStagesCreate" name="verifyStageSelectSubSubProcessDropDown" time="1.311"/>
  <system-out/>
  <testcase classname="com.advaita.TestCreate.TestStagesCreate" name="verifyStageCalculationTypeDropDown" time="0.296"/>
  <system-out/>
  <testcase classname="com.advaita.TestCreate.TestStagesCreate" name="verifyAddSectionA" time="3.128"/>
  <system-out/>
</testsuite> <!-- com.advaita.TestCreate.TestStagesCreate -->
