<?xml version="1.0" encoding="UTF-8"?>
<!-- Generated by org.testng.reporters.JUnitReportReporter -->
<testsuite hostname="BLLWYZABHIJITH" failures="0" tests="1" name="com.advaita.TestCreate.TestWhatsappTemplateCreate" time="11.671" errors="0" timestamp="2024-08-07T18:20:23 IST" skipped="0">
  <testcase classname="com.advaita.TestCreate.TestWhatsappTemplateCreate" name="whatsAppTemplateCreate" time="11.671"/>
  <system-out/>
</testsuite> <!-- com.advaita.TestCreate.TestWhatsappTemplateCreate -->
