<?xml version="1.0" encoding="UTF-8"?>
<!-- Generated by org.testng.reporters.JUnitReportReporter -->
<testsuite hostname="BLLJAMESPAULR" failures="0" tests="1" name="com.advaita.TestCase.BroadCastTest" time="4.763" errors="0" timestamp="2024-07-27T11:32:47 IST" skipped="0">
  <testcase classname="com.advaita.TestCase.BroadCastTest" name="speedTest" time="4.763"/>
  <system-out/>
</testsuite> <!-- com.advaita.TestCase.BroadCastTest -->
