<?xml version="1.0" encoding="UTF-8"?>
<!-- Generated by org.testng.reporters.JUnitReportReporter -->
<testsuite hostname="BLLWYZABHIJITH" failures="0" tests="1" name="com.advaita.TestTable.TestProcessTable" time="13.054" errors="0" timestamp="2024-08-21T22:30:18 IST" skipped="0">
  <testcase classname="com.advaita.TestTable.TestProcessTable" name="verifyProcessTable" time="13.054"/>
  <system-out/>
</testsuite> <!-- com.advaita.TestTable.TestProcessTable -->
