<?xml version="1.0" encoding="UTF-8"?>
<!-- Generated by org.testng.reporters.JUnitReportReporter -->
<testsuite hostname="BLLGOPALREDDY" failures="0" tests="1" name="com.advaita.TestTable.TestProcessTable" time="23.834" errors="0" timestamp="2024-05-31T11:48:27 IST" skipped="0">
  <testcase classname="com.advaita.TestTable.TestProcessTable" name="verifyProcessTable" time="23.834"/>
  <system-out/>
</testsuite> <!-- com.advaita.TestTable.TestProcessTable -->
