<?xml version="1.0" encoding="UTF-8"?>
<!-- Generated by org.testng.reporters.JUnitReportReporter -->
<testsuite hostname="BLLGOPALREDDY" failures="0" tests="22" name="com.advaita.TestCreate.TestMasterFormsCreate" time="68.660" errors="0" timestamp="2024-07-09T18:22:32 IST" skipped="0">
  <testcase classname="com.advaita.TestCreate.TestMasterFormsCreate" name="verifyNavigationToProcessAndFetch" time="7.109"/>
  <system-out/>
  <testcase classname="com.advaita.TestCreate.TestMasterFormsCreate" name="verifyNavigationToFieldSet" time="1.371"/>
  <system-out/>
  <testcase classname="com.advaita.TestCreate.TestMasterFormsCreate" name="verifyGetFieldSetSection1QuestionsForComparision" time="3.599"/>
  <system-out/>
  <testcase classname="com.advaita.TestCreate.TestMasterFormsCreate" name="verifyGetFieldSetSection2QuestionsForComparision" time="0.110"/>
  <system-out/>
  <testcase classname="com.advaita.TestCreate.TestMasterFormsCreate" name="verifyGetFieldSetSection3TableQuestionsForComparision" time="0.108"/>
  <system-out/>
  <testcase classname="com.advaita.TestCreate.TestMasterFormsCreate" name="verifyGetFieldSetSection1QuestionsType" time="6.082"/>
  <system-out/>
  <testcase classname="com.advaita.TestCreate.TestMasterFormsCreate" name="verifyGetFieldSetSection2QuestionsType" time="3.880"/>
  <system-out/>
  <testcase classname="com.advaita.TestCreate.TestMasterFormsCreate" name="verifyGetFieldSetSection3QuestionsType" time="2.149"/>
  <system-out/>
  <testcase classname="com.advaita.TestCreate.TestMasterFormsCreate" name="verifyNavigateToMasterForm" time="1.429"/>
  <system-out/>
  <testcase classname="com.advaita.TestCreate.TestMasterFormsCreate" name="verifyCreateButtonMasterForm" time="1.522"/>
  <system-out/>
  <testcase classname="com.advaita.TestCreate.TestMasterFormsCreate" name="verifyFormNameField" time="0.167"/>
  <system-out/>
  <testcase classname="com.advaita.TestCreate.TestMasterFormsCreate" name="verifyProcessDropdown" time="3.446"/>
  <system-out/>
  <testcase classname="com.advaita.TestCreate.TestMasterFormsCreate" name="verifySubProcessDropdown" time="1.539"/>
  <system-out/>
  <testcase classname="com.advaita.TestCreate.TestMasterFormsCreate" name="verifySubSubProcessDropdown" time="1.578"/>
  <system-out/>
  <testcase classname="com.advaita.TestCreate.TestMasterFormsCreate" name="verifyprimarySection" time="5.899"/>
  <system-out/>
  <testcase classname="com.advaita.TestCreate.TestMasterFormsCreate" name="verifyPrimarySectionFormFill" time="1.690"/>
  <system-out/>
  <testcase classname="com.advaita.TestCreate.TestMasterFormsCreate" name="verifyPrimarySection2FormFill" time="6.164"/>
  <system-out/>
  <testcase classname="com.advaita.TestCreate.TestMasterFormsCreate" name="verifyPrimarySection3FormFill" time="3.347"/>
  <system-out/>
  <testcase classname="com.advaita.TestCreate.TestMasterFormsCreate" name="verifySaveButton" time="3.986"/>
  <system-out/>
  <testcase classname="com.advaita.TestCreate.TestMasterFormsCreate" name="verifyFinalizeMasterFormInEditPage" time="2.556"/>
  <system-out/>
  <testcase classname="com.advaita.TestCreate.TestMasterFormsCreate" name="verifyDataSetValidationAfterCreationOfMasterForm" time="6.195"/>
  <system-out/>
  <testcase classname="com.advaita.TestCreate.TestMasterFormsCreate" name="verifyMetaDataValidationAfterCreationOfMasterForm" time="4.734"/>
  <system-out/>
</testsuite> <!-- com.advaita.TestCreate.TestMasterFormsCreate -->
