<?xml version="1.0" encoding="UTF-8"?>
<!-- Generated by org.testng.reporters.JUnitReportReporter -->
<testsuite hostname="BLLJAMESPAULR" failures="0" tests="1" name="com.advaita.TestTable.TestNon_MeasurableTable" time="7.680" errors="0" timestamp="2024-06-13T18:12:54 IST" skipped="0">
  <testcase classname="com.advaita.TestTable.TestNon_MeasurableTable" name="testcreateColumnView" time="7.680"/>
  <system-out/>
</testsuite> <!-- com.advaita.TestTable.TestNon_MeasurableTable -->
