<?xml version="1.0" encoding="UTF-8"?>
<!-- Generated by org.testng.reporters.JUnitReportReporter -->
<testsuite hostname="BLLGOPALREDDY" failures="0" tests="1" name="com.advaita.TestCase.VerifyProcess" time="10.463" errors="0" timestamp="2024-03-28T16:45:29 IST" skipped="0">
  <testcase classname="com.advaita.TestCase.VerifyProcess" name="verifyProcessCreate" time="10.463"/>
</testsuite> <!-- com.advaita.TestCase.VerifyProcess -->
