<?xml version="1.0" encoding="UTF-8"?>
<!-- Generated by org.testng.reporters.JUnitReportReporter -->
<<<<<<< HEAD
<testsuite hostname="BLLJAMESPAULR" failures="0" tests="1" name="com.advaita.TestCase.VerifyMeasurableSet" time="23.490" errors="0" timestamp="2024-05-23T13:11:01 IST" skipped="0">
  <testcase classname="com.advaita.TestCase.VerifyMeasurableSet" name="verifyMeasurableSetCreatePage" time="23.490"/>
=======
<testsuite hostname="BLLGOPALREDDY" failures="0" tests="1" name="com.advaita.TestCase.VerifyMeasurableSet" time="20.324" errors="0" timestamp="2024-05-28T12:59:29 IST" skipped="0">
  <testcase classname="com.advaita.TestCase.VerifyMeasurableSet" name="verifyMeasurableSetCreatePage" time="20.324"/>
>>>>>>> branch 'master' of https://github.com/GopalReddy2000/Advaita
</testsuite> <!-- com.advaita.TestCase.VerifyMeasurableSet -->
