<?xml version="1.0" encoding="UTF-8"?>
<!-- Generated by org.testng.reporters.JUnitReportReporter -->
<testsuite hostname="BLLWYZABHIJITH" failures="0" tests="1" name="com.advaita.TestCreate.TestSkipReasonCreate" time="2.138" errors="0" timestamp="2024-10-01T12:19:12 IST" skipped="0">
  <testcase classname="com.advaita.TestCreate.TestSkipReasonCreate" name="withoutSelectingReasonTextfield" time="2.138"/>
</testsuite> <!-- com.advaita.TestCreate.TestSkipReasonCreate -->
