<?xml version="1.0" encoding="UTF-8"?>
<!-- Generated by org.testng.reporters.JUnitReportReporter -->
<testsuite hostname="BLLGOPALREDDY" failures="0" tests="1" name="com.advaita.TestCreate.TestMasterFieldsSetCreate" time="36.895" errors="0" timestamp="2024-09-11T12:22:52 IST" skipped="0">
  <testcase classname="com.advaita.TestCreate.TestMasterFieldsSetCreate" name="verifyAddMultipleFieldSetQuestions" time="36.895"/>
</testsuite> <!-- com.advaita.TestCreate.TestMasterFieldsSetCreate -->
