<?xml version="1.0" encoding="UTF-8"?>
<!-- Generated by org.testng.reporters.JUnitReportReporter -->
<testsuite hostname="BLLJAMESPAULR" failures="0" tests="1" name="com.advaita.TestTable.TestNon_MeasurableTable" time="13.114" errors="0" timestamp="2024-06-08T11:44:25 IST" skipped="0">
  <testcase classname="com.advaita.TestTable.TestNon_MeasurableTable" name="testcreateNormalView" time="13.114"/>
  <system-out/>
</testsuite> <!-- com.advaita.TestTable.TestNon_MeasurableTable -->
