<?xml version="1.0" encoding="UTF-8"?>
<!-- Generated by org.testng.reporters.JUnitReportReporter -->
<testsuite hostname="BLLGOPALREDDY" failures="0" tests="1" name="com.advaita.TestCase.VerifyMeasurableSet" time="20.324" errors="0" timestamp="2024-05-28T12:59:29 IST" skipped="0">
  <testcase classname="com.advaita.TestCase.VerifyMeasurableSet" name="verifyMeasurableSetCreatePage" time="20.324"/>
</testsuite> <!-- com.advaita.TestCase.VerifyMeasurableSet -->
