<?xml version="1.0" encoding="UTF-8"?>
<!-- Generated by org.testng.reporters.JUnitReportReporter -->
<<<<<<< HEAD
<testsuite hostname="BLLWYZABHIJITH" failures="0" tests="1" name="com.advaita.TestCreate.TestMasterFieldsSetCreate" time="8.086" errors="0" timestamp="2024-08-27T17:48:22 IST" skipped="0">
  <testcase classname="com.advaita.TestCreate.TestMasterFieldsSetCreate" name="verifyAddFormFieldSetInCreateFieldSet" time="8.086"/>
=======
<testsuite hostname="BLLGOPALREDDY" failures="0" tests="1" name="com.advaita.TestCreate.TestMasterFieldsSetCreate" time="17.239" errors="0" timestamp="2024-08-27T18:31:10 IST" skipped="0">
  <testcase classname="com.advaita.TestCreate.TestMasterFieldsSetCreate" name="verifyAddFormFieldSetInCreateFieldSet" time="17.239"/>
  <system-out/>
>>>>>>> 328e03787d71df9490dc18f367c7bdbc727fe8b7
</testsuite> <!-- com.advaita.TestCreate.TestMasterFieldsSetCreate -->
