<?xml version="1.0" encoding="UTF-8"?>
<!-- Generated by org.testng.reporters.JUnitReportReporter -->
<testsuite hostname="BLLWYZABHIJITH" failures="0" tests="1" name="com.advaita.TestCreate.TestSmstemplateCreate" time="10.061" errors="0" timestamp="2024-11-05T14:42:03 IST" skipped="0">
  <testcase classname="com.advaita.TestCreate.TestSmstemplateCreate" name="verifyTheUserSearchThroughProcessInSearchTextfield" time="10.061"/>
</testsuite> <!-- com.advaita.TestCreate.TestSmstemplateCreate -->
