<?xml version="1.0" encoding="UTF-8"?>
<!-- Generated by org.testng.reporters.JUnitReportReporter -->
<<<<<<< HEAD
<testsuite hostname="BLLWYZABHIJITH" failures="0" tests="11" name="com.advaita.TestCreate.TestMasterFieldsSetCreate" time="73.009" errors="0" timestamp="2024-07-01T12:00:24 IST" skipped="0">
  <testcase classname="com.advaita.TestCreate.TestMasterFieldsSetCreate" name="verifyTabsForFieldSetCreate" time="1.554"/>
=======
<testsuite hostname="BLLGOPALREDDY" failures="0" tests="11" name="com.advaita.TestCreate.TestMasterFieldsSetCreate" time="100.458" errors="0" timestamp="2024-07-18T11:23:45 IST" skipped="0">
  <testcase classname="com.advaita.TestCreate.TestMasterFieldsSetCreate" name="verifyTabsForFieldSetCreate" time="3.173"/>
>>>>>>> branch 'master' of https://github.com/GopalReddy2000/Advaita.git
  <system-out/>
<<<<<<< HEAD
  <testcase classname="com.advaita.TestCreate.TestMasterFieldsSetCreate" name="verifyBeforeFieldSetCount" time="2.322"/>
=======
  <testcase classname="com.advaita.TestCreate.TestMasterFieldsSetCreate" name="verifyBeforeFieldSetCount" time="2.229"/>
>>>>>>> branch 'master' of https://github.com/GopalReddy2000/Advaita.git
  <system-out/>
<<<<<<< HEAD
  <testcase classname="com.advaita.TestCreate.TestMasterFieldsSetCreate" name="verifyFieldSetCreateButton" time="0.909"/>
=======
  <testcase classname="com.advaita.TestCreate.TestMasterFieldsSetCreate" name="verifyFieldSetCreateButton" time="6.459"/>
>>>>>>> branch 'master' of https://github.com/GopalReddy2000/Advaita.git
  <system-out/>
<<<<<<< HEAD
  <testcase classname="com.advaita.TestCreate.TestMasterFieldsSetCreate" name="verifyQuestionSetNameField" time="0.255"/>
=======
  <testcase classname="com.advaita.TestCreate.TestMasterFieldsSetCreate" name="verifyQuestionSetNameField" time="0.719"/>
>>>>>>> branch 'master' of https://github.com/GopalReddy2000/Advaita.git
  <system-out/>
<<<<<<< HEAD
  <testcase classname="com.advaita.TestCreate.TestMasterFieldsSetCreate" name="verifyDefaultSection1" time="7.648"/>
=======
  <testcase classname="com.advaita.TestCreate.TestMasterFieldsSetCreate" name="verifyDefaultSection1" time="9.701"/>
>>>>>>> branch 'master' of https://github.com/GopalReddy2000/Advaita.git
  <system-out/>
<<<<<<< HEAD
  <testcase classname="com.advaita.TestCreate.TestMasterFieldsSetCreate" name="verifyByAddingQuestionsAndQuestionsType" time="7.131"/>
=======
  <testcase classname="com.advaita.TestCreate.TestMasterFieldsSetCreate" name="verifyByAddingQuestionsAndQuestionsType" time="17.978"/>
>>>>>>> branch 'master' of https://github.com/GopalReddy2000/Advaita.git
  <system-out/>
<<<<<<< HEAD
  <testcase classname="com.advaita.TestCreate.TestMasterFieldsSetCreate" name="verifyAddedSection2" time="1.260"/>
=======
  <testcase classname="com.advaita.TestCreate.TestMasterFieldsSetCreate" name="verifyAddedSection2" time="1.576"/>
>>>>>>> branch 'master' of https://github.com/GopalReddy2000/Advaita.git
  <system-out/>
<<<<<<< HEAD
  <testcase classname="com.advaita.TestCreate.TestMasterFieldsSetCreate" name="verifyByAddingQuestionsAndQuestionsTypeInSection2" time="15.109"/>
=======
  <testcase classname="com.advaita.TestCreate.TestMasterFieldsSetCreate" name="verifyByAddingQuestionsAndQuestionsTypeInSection2" time="17.732"/>
>>>>>>> branch 'master' of https://github.com/GopalReddy2000/Advaita.git
  <system-out/>
<<<<<<< HEAD
  <testcase classname="com.advaita.TestCreate.TestMasterFieldsSetCreate" name="verifyCreateFieldSetTabularView" time="29.619"/>
=======
  <testcase classname="com.advaita.TestCreate.TestMasterFieldsSetCreate" name="verifyCreateFieldSetTabularView" time="33.071"/>
>>>>>>> branch 'master' of https://github.com/GopalReddy2000/Advaita.git
  <system-out/>
<<<<<<< HEAD
  <testcase classname="com.advaita.TestCreate.TestMasterFieldsSetCreate" name="verifySaveInCreateFieldSet" time="3.935"/>
=======
  <testcase classname="com.advaita.TestCreate.TestMasterFieldsSetCreate" name="verifySaveInCreateFieldSet" time="3.377"/>
>>>>>>> branch 'master' of https://github.com/GopalReddy2000/Advaita.git
  <system-out/>
<<<<<<< HEAD
  <testcase classname="com.advaita.TestCreate.TestMasterFieldsSetCreate" name="verifyafterFieldSetCount" time="3.267"/>
=======
  <testcase classname="com.advaita.TestCreate.TestMasterFieldsSetCreate" name="verifyafterFieldSetCount" time="4.443"/>
>>>>>>> branch 'master' of https://github.com/GopalReddy2000/Advaita.git
  <system-out/>
</testsuite> <!-- com.advaita.TestCreate.TestMasterFieldsSetCreate -->
