<?xml version="1.0" encoding="UTF-8"?>
<!-- Generated by org.testng.reporters.JUnitReportReporter -->
<testsuite hostname="BLLGOPALREDDY" failures="0" tests="1" name="com.advaita.TestCreate.TestMasterFormsCreate" time="6.659" errors="0" timestamp="2024-07-16T11:05:30 IST" skipped="0">
  <testcase classname="com.advaita.TestCreate.TestMasterFormsCreate" name="validationsAfterMasterFilterAndMasterFields" time="6.659"/>
  <system-out/>
</testsuite> <!-- com.advaita.TestCreate.TestMasterFormsCreate -->
