<?xml version="1.0" encoding="UTF-8"?>
<!-- Generated by org.testng.reporters.JUnitReportReporter -->
<testsuite hostname="BLLTESTGOPAL" failures="0" tests="4" name="com.advaita.EndtoEnd.run.test.MastersEndToEnd" time="62.580" errors="0" timestamp="2025-02-19T16:08:20 IST" skipped="0">
  <testcase classname="com.advaita.EndtoEnd.run.test.MastersEndToEnd" name="verifyAddMultipleFieldSetQuestions" time="36.999"/>
  <testcase classname="com.advaita.EndtoEnd.run.test.MastersEndToEnd" name="verifyCreateMasterForm" time="19.430"/>
  <testcase classname="com.advaita.EndtoEnd.run.test.MastersEndToEnd" name="verifyCreateMasterMenu" time="5.285"/>
  <testcase classname="com.advaita.EndtoEnd.run.test.MastersEndToEnd" name="verifyCreateMastersAdd" time="0.866"/>
</testsuite> <!-- com.advaita.EndtoEnd.run.test.MastersEndToEnd -->
