<?xml version="1.0" encoding="UTF-8"?>
<!-- Generated by org.testng.reporters.JUnitReportReporter -->
<testsuite hostname="BLLWYZABHIJITH" failures="0" tests="1" name="com.advaita.TestCreate.TestUserStatusCreate" time="4.987" errors="0" timestamp="2024-09-04T12:57:09 IST" skipped="0">
  <testcase classname="com.advaita.TestCreate.TestUserStatusCreate" name="navigateToAmdinProfile" time="4.987"/>
</testsuite> <!-- com.advaita.TestCreate.TestUserStatusCreate -->
