<?xml version="1.0" encoding="UTF-8"?>
<!-- Generated by org.testng.reporters.JUnitReportReporter -->
<testsuite hostname="BLLTESTGOPAL" failures="0" tests="1" name="com.advaita.TestCreate.TestManualAllocation" time="29.292" errors="0" timestamp="2024-10-05T17:45:23 IST" skipped="0">
  <testcase classname="com.advaita.TestCreate.TestManualAllocation" name="verifyStageCreate" time="29.292"/>
</testsuite> <!-- com.advaita.TestCreate.TestManualAllocation -->
