<?xml version="1.0" encoding="UTF-8"?>
<!-- Generated by org.testng.reporters.JUnitReportReporter -->
<testsuite hostname="BLLTESTGOPAL" failures="0" tests="4" name="com.advaita.EndtoEnd.run.test.MastersEndToEnd" time="6.382" errors="0" timestamp="2025-06-03T12:34:19 IST" skipped="3">
  <testcase classname="com.advaita.EndtoEnd.run.test.MastersEndToEnd" name="verifyCreateMastersAdd" time="6.382"/>
  <testcase classname="com.advaita.EndtoEnd.run.test.MastersEndToEnd" name="verifyAddMultipleFieldSetQuestions">
    <skipped/>
  </testcase> <!-- verifyAddMultipleFieldSetQuestions -->
  <testcase classname="com.advaita.EndtoEnd.run.test.MastersEndToEnd" name="verifyCreateMasterForm">
    <skipped/>
  </testcase> <!-- verifyCreateMasterForm -->
  <testcase classname="com.advaita.EndtoEnd.run.test.MastersEndToEnd" name="verifyCreateMasterMenu">
    <skipped/>
  </testcase> <!-- verifyCreateMasterMenu -->
</testsuite> <!-- com.advaita.EndtoEnd.run.test.MastersEndToEnd -->
