<<<<<<< HEAD
<?xml version="1.0" encoding="UTF-8"?>
<!-- Generated by org.testng.reporters.JUnitReportReporter -->
<testsuite hostname="BLLGOPALREDDY" failures="0" tests="1" name="com.advaita.TestTable.TestMeasurableSetTable" time="22.085" errors="0" timestamp="2024-06-20T12:18:04 IST" skipped="0">
  <testcase classname="com.advaita.TestTable.TestMeasurableSetTable" name="verifyMeasurableSetTablePage" time="22.085"/>
  <system-out/>
</testsuite> <!-- com.advaita.TestTable.TestMeasurableSetTable -->
=======
<?xml version="1.0" encoding="UTF-8"?>
<!-- Generated by org.testng.reporters.JUnitReportReporter -->
<testsuite hostname="BLLGOPALREDDY" failures="0" tests="1" name="com.advaita.TestTable.TestMeasurableSetTable" time="22.085" errors="0" timestamp="2024-06-20T12:18:04 IST" skipped="0">
  <testcase classname="com.advaita.TestTable.TestMeasurableSetTable" name="verifyMeasurableSetTablePage" time="22.085"/>
  <system-out/>
</testsuite> <!-- com.advaita.TestTable.TestMeasurableSetTable -->
>>>>>>> a4f565925a2e10e89de894cc7ce41bbe513466f4
