<?xml version="1.0" encoding="UTF-8"?>
<!-- Generated by org.testng.reporters.JUnitReportReporter -->
<testsuite hostname="BLLGOPALREDDY" failures="0" tests="2" name="com.advaita.TestCase.VerifyMetaData" time="46.055" errors="0" timestamp="2024-04-01T12:20:25 IST" skipped="0">
  <testcase classname="com.advaita.TestCase.VerifyMetaData" name="verifyCreateMetaData" time="35.868"/>
  <testcase classname="com.advaita.TestCase.VerifyMetaData" name="verifyEditMetaData" time="10.187"/>
</testsuite> <!-- com.advaita.TestCase.VerifyMetaData -->
