<?xml version="1.0" encoding="UTF-8"?>
<!-- Generated by org.testng.reporters.JUnitReportReporter -->
<testsuite hostname="BLLGOPALREDDY" failures="0" tests="11" name="com.advaita.TestCreate.TestMasterFieldsSetCreate" time="71.505" errors="0" timestamp="2024-07-09T18:20:59 IST" skipped="0">
  <testcase classname="com.advaita.TestCreate.TestMasterFieldsSetCreate" name="verifyTabsForFieldSetCreate" time="1.304"/>
  <system-out/>
  <testcase classname="com.advaita.TestCreate.TestMasterFieldsSetCreate" name="verifyBeforeFieldSetCount" time="2.081"/>
  <system-out/>
  <testcase classname="com.advaita.TestCreate.TestMasterFieldsSetCreate" name="verifyFieldSetCreateButton" time="0.728"/>
  <system-out/>
  <testcase classname="com.advaita.TestCreate.TestMasterFieldsSetCreate" name="verifyQuestionSetNameField" time="0.404"/>
  <system-out/>
  <testcase classname="com.advaita.TestCreate.TestMasterFieldsSetCreate" name="verifyDefaultSection1" time="8.150"/>
  <system-out/>
  <testcase classname="com.advaita.TestCreate.TestMasterFieldsSetCreate" name="verifyByAddingQuestionsAndQuestionsType" time="7.432"/>
  <system-out/>
  <testcase classname="com.advaita.TestCreate.TestMasterFieldsSetCreate" name="verifyAddedSection2" time="1.251"/>
  <system-out/>
  <testcase classname="com.advaita.TestCreate.TestMasterFieldsSetCreate" name="verifyByAddingQuestionsAndQuestionsTypeInSection2" time="15.664"/>
  <system-out/>
  <testcase classname="com.advaita.TestCreate.TestMasterFieldsSetCreate" name="verifyCreateFieldSetTabularView" time="28.948"/>
  <system-out/>
  <testcase classname="com.advaita.TestCreate.TestMasterFieldsSetCreate" name="verifySaveInCreateFieldSet" time="2.383"/>
  <system-out/>
  <testcase classname="com.advaita.TestCreate.TestMasterFieldsSetCreate" name="verifyafterFieldSetCount" time="3.160"/>
  <system-out/>
</testsuite> <!-- com.advaita.TestCreate.TestMasterFieldsSetCreate -->
