<?xml version="1.0" encoding="UTF-8"?>
<!-- Generated by org.testng.reporters.JUnitReportReporter -->
<testsuite hostname="BLLGOPALREDDY" failures="0" tests="1" name="com.advaita.TestCreate.TestMeasurableSetCreate" time="12.432" errors="0" timestamp="2024-06-20T12:47:05 IST" skipped="0">
  <testcase classname="com.advaita.TestCreate.TestMeasurableSetCreate" name="verifyMeasurableSetCreatePage" time="12.432"/>
  <system-out/>
</testsuite> <!-- com.advaita.TestCreate.TestMeasurableSetCreate -->
