<?xml version="1.0" encoding="UTF-8"?>
<!-- Generated by org.testng.reporters.JUnitReportReporter -->
<testsuite hostname="BLLWYZABHIJITH" failures="0" tests="1" name="com.advaita.TestCreate.TestSkipReasonCreate" time="8.766" errors="0" timestamp="2024-11-05T14:57:48 IST" skipped="0">
  <testcase classname="com.advaita.TestCreate.TestSkipReasonCreate" name="searchThroughProcessInSearchTextfield" time="8.766"/>
</testsuite> <!-- com.advaita.TestCreate.TestSkipReasonCreate -->
