<?xml version="1.0" encoding="UTF-8"?>
<!-- Generated by org.testng.reporters.JUnitReportReporter -->
<<<<<<< HEAD
<testsuite hostname="BLLWYZABHIJITH" failures="0" tests="1" name="com.advaita.TestCase.VerifyProcess" time="16.623" errors="0" timestamp="2024-05-30T12:47:16 IST" skipped="0">
  <testcase classname="com.advaita.TestCase.VerifyProcess" name="verifyProcessEdit" time="16.623"/>
=======
<testsuite hostname="BLLGOPALREDDY" failures="0" tests="1" name="com.advaita.TestCase.VerifyProcess" time="16.016" errors="0" timestamp="2024-05-30T12:37:59 IST" skipped="0">
  <testcase classname="com.advaita.TestCase.VerifyProcess" name="verifyProcessEdit" time="16.016"/>
>>>>>>> branch 'master' of https://github.com/GopalReddy2000/Advaita.git
</testsuite> <!-- com.advaita.TestCase.VerifyProcess -->
