<?xml version="1.0" encoding="UTF-8"?>
<!-- Generated by org.testng.reporters.JUnitReportReporter -->
<testsuite hostname="BLLTESTGOPAL" failures="0" tests="1" name="com.advaita.TestCreate.TestDataSetCreate" time="119.258" errors="0" timestamp="2025-03-20T12:43:38 IST" skipped="0">
  <testcase classname="com.advaita.TestCreate.TestDataSetCreate" name="verifyManualCreateNewDataset" time="119.258"/>
</testsuite> <!-- com.advaita.TestCreate.TestDataSetCreate -->
