<?xml version="1.0" encoding="UTF-8"?>
<!-- Generated by org.testng.reporters.JUnitReportReporter -->
<testsuite hostname="BLLGOPALREDDY" failures="0" tests="1" name="com.advaita.TestCreate.TestMasterFieldsSetCreate" time="35.863" errors="0" timestamp="2024-09-09T11:19:45 IST" skipped="0">
  <testcase classname="com.advaita.TestCreate.TestMasterFieldsSetCreate" name="verifyAddMultipleFieldSetQuestions" time="35.863"/>
  <system-out/>
</testsuite> <!-- com.advaita.TestCreate.TestMasterFieldsSetCreate -->
