<?xml version="1.0" encoding="UTF-8"?>
<!-- Generated by org.testng.reporters.JUnitReportReporter -->
<testsuite hostname="BLLWYZABHIJITH" failures="0" tests="11" name="com.advaita.TestCreate.TestMasterFieldsSetCreate" time="73.009" errors="0" timestamp="2024-07-01T12:00:24 IST" skipped="0">
  <testcase classname="com.advaita.TestCreate.TestMasterFieldsSetCreate" name="verifyTabsForFieldSetCreate" time="1.554"/>
  <system-out/>
  <testcase classname="com.advaita.TestCreate.TestMasterFieldsSetCreate" name="verifyBeforeFieldSetCount" time="2.322"/>
  <system-out/>
  <testcase classname="com.advaita.TestCreate.TestMasterFieldsSetCreate" name="verifyFieldSetCreateButton" time="0.909"/>
  <system-out/>
  <testcase classname="com.advaita.TestCreate.TestMasterFieldsSetCreate" name="verifyQuestionSetNameField" time="0.255"/>
  <system-out/>
  <testcase classname="com.advaita.TestCreate.TestMasterFieldsSetCreate" name="verifyDefaultSection1" time="7.648"/>
  <system-out/>
  <testcase classname="com.advaita.TestCreate.TestMasterFieldsSetCreate" name="verifyByAddingQuestionsAndQuestionsType" time="7.131"/>
  <system-out/>
  <testcase classname="com.advaita.TestCreate.TestMasterFieldsSetCreate" name="verifyAddedSection2" time="1.260"/>
  <system-out/>
  <testcase classname="com.advaita.TestCreate.TestMasterFieldsSetCreate" name="verifyByAddingQuestionsAndQuestionsTypeInSection2" time="15.109"/>
  <system-out/>
  <testcase classname="com.advaita.TestCreate.TestMasterFieldsSetCreate" name="verifyCreateFieldSetTabularView" time="29.619"/>
  <system-out/>
  <testcase classname="com.advaita.TestCreate.TestMasterFieldsSetCreate" name="verifySaveInCreateFieldSet" time="3.935"/>
  <system-out/>
  <testcase classname="com.advaita.TestCreate.TestMasterFieldsSetCreate" name="verifyafterFieldSetCount" time="3.267"/>
  <system-out/>
</testsuite> <!-- com.advaita.TestCreate.TestMasterFieldsSetCreate -->
