<?xml version="1.0" encoding="UTF-8"?>
<!-- Generated by org.testng.reporters.JUnitReportReporter -->
<testsuite hostname="BLLTESTGOPAL" failures="0" tests="3" name="com.advaita.TestCreate.TestManualAllocation" time="16.481" errors="0" timestamp="2024-10-04T11:41:15 IST" skipped="0">
  <testcase classname="com.advaita.TestCreate.TestManualAllocation" name="verifyManualAllocationNavigation" time="1.985"/>
  <testcase classname="com.advaita.TestCreate.TestManualAllocation" name="verifyAllocationMethodToogleButton" time="0.244"/>
  <testcase classname="com.advaita.TestCreate.TestManualAllocation" name="verifySelectProcess_subProcess_SubSubProcessDropdown" time="14.252"/>
</testsuite> <!-- com.advaita.TestCreate.TestManualAllocation -->
