<?xml version="1.0" encoding="UTF-8"?>
<!-- Generated by org.testng.reporters.JUnitReportReporter -->
<testsuite hostname="BLLWYZABHIJITH" failures="0" tests="1" name="com.advaita.TestCreate.TestNotificationTemplateCreate" time="27.766" errors="0" timestamp="2024-10-04T12:07:44 IST" skipped="0">
  <testcase classname="com.advaita.TestCreate.TestNotificationTemplateCreate" name="xyz" time="27.766"/>
</testsuite> <!-- com.advaita.TestCreate.TestNotificationTemplateCreate -->
