<?xml version="1.0" encoding="UTF-8"?>
<!-- Generated by org.testng.reporters.JUnitReportReporter -->
<testsuite hostname="BLLTESTGOPAL" failures="0" tests="4" name="com.advaita.EndtoEnd.run.test.MastersEndToEnd" time="5.718" errors="0" timestamp="2025-03-11T17:49:25 IST" skipped="3">
  <testcase classname="com.advaita.EndtoEnd.run.test.MastersEndToEnd" name="verifyCreateMastersAdd" time="5.718"/>
  <testcase classname="com.advaita.EndtoEnd.run.test.MastersEndToEnd" name="verifyCreateMasterMenu">
    <skipped/>
  </testcase> <!-- verifyCreateMasterMenu -->
  <testcase classname="com.advaita.EndtoEnd.run.test.MastersEndToEnd" name="verifyAddMultipleFieldSetQuestions">
    <skipped/>
  </testcase> <!-- verifyAddMultipleFieldSetQuestions -->
  <testcase classname="com.advaita.EndtoEnd.run.test.MastersEndToEnd" name="verifyCreateMasterForm">
    <skipped/>
  </testcase> <!-- verifyCreateMasterForm -->
</testsuite> <!-- com.advaita.EndtoEnd.run.test.MastersEndToEnd -->
