<?xml version="1.0" encoding="UTF-8"?>
<!-- Generated by org.testng.reporters.JUnitReportReporter -->
<testsuite hostname="BLLJAMESPAULR" failures="0" tests="1" name="com.advaita.TestCase.VerifyDisposition" time="13.541" errors="0" timestamp="2024-07-01T16:20:44 IST" skipped="0">
  <testcase classname="com.advaita.TestCase.VerifyDisposition" name="testCreat" time="13.541"/>
  <system-out/>
</testsuite> <!-- com.advaita.TestCase.VerifyDisposition -->
