<?xml version="1.0" encoding="UTF-8"?>
<!-- Generated by org.testng.reporters.JUnitReportReporter -->
<testsuite hostname="BLLGOPALREDDY" failures="0" tests="11" name="com.advaita.TestCreate.TestMasterFieldsSetCreate" time="68.208" errors="0" timestamp="2024-07-01T14:45:31 IST" skipped="0">
  <testcase classname="com.advaita.TestCreate.TestMasterFieldsSetCreate" name="verifyTabsForFieldSetCreate" time="1.601"/>
  <system-out/>
  <testcase classname="com.advaita.TestCreate.TestMasterFieldsSetCreate" name="verifyBeforeFieldSetCount" time="2.098"/>
  <system-out/>
  <testcase classname="com.advaita.TestCreate.TestMasterFieldsSetCreate" name="verifyFieldSetCreateButton" time="0.846"/>
  <system-out/>
  <testcase classname="com.advaita.TestCreate.TestMasterFieldsSetCreate" name="verifyQuestionSetNameField" time="0.426"/>
  <system-out/>
  <testcase classname="com.advaita.TestCreate.TestMasterFieldsSetCreate" name="verifyDefaultSection1" time="6.452"/>
  <system-out/>
  <testcase classname="com.advaita.TestCreate.TestMasterFieldsSetCreate" name="verifyByAddingQuestionsAndQuestionsType" time="7.564"/>
  <system-out/>
  <testcase classname="com.advaita.TestCreate.TestMasterFieldsSetCreate" name="verifyAddedSection2" time="1.283"/>
  <system-out/>
  <testcase classname="com.advaita.TestCreate.TestMasterFieldsSetCreate" name="verifyByAddingQuestionsAndQuestionsTypeInSection2" time="13.189"/>
  <system-out/>
  <testcase classname="com.advaita.TestCreate.TestMasterFieldsSetCreate" name="verifyCreateFieldSetTabularView" time="27.750"/>
  <system-out/>
  <testcase classname="com.advaita.TestCreate.TestMasterFieldsSetCreate" name="verifySaveInCreateFieldSet" time="3.122"/>
  <system-out/>
  <testcase classname="com.advaita.TestCreate.TestMasterFieldsSetCreate" name="verifyafterFieldSetCount" time="3.877"/>
  <system-out/>
</testsuite> <!-- com.advaita.TestCreate.TestMasterFieldsSetCreate -->
