<?xml version="1.0" encoding="UTF-8"?>
<!-- Generated by org.testng.reporters.JUnitReportReporter -->
<testsuite hostname="BLLGOPALREDDY" failures="0" tests="1" name="com.advaita.TestCreate.TestDataSetCreate" time="68.812" errors="0" timestamp="2024-07-02T12:38:12 IST" skipped="0">
  <testcase classname="com.advaita.TestCreate.TestDataSetCreate" name="verifyCreateDataset" time="68.812"/>
  <system-out/>
</testsuite> <!-- com.advaita.TestCreate.TestDataSetCreate -->
