<?xml version="1.0" encoding="UTF-8"?>
<!-- Generated by org.testng.reporters.JUnitReportReporter -->
<testsuite hostname="BLLGOPALREDDY" failures="0" tests="1" name="com.advaita.TestCase.VerifyMeasurableSet" time="8.249" errors="0" timestamp="2024-05-02T02:10:12 IST" skipped="0">
  <testcase classname="com.advaita.TestCase.VerifyMeasurableSet" name="verifyMeasurableSetEditePage" time="8.249"/>
</testsuite> <!-- com.advaita.TestCase.VerifyMeasurableSet -->
