<?xml version="1.0" encoding="UTF-8"?>
<!-- Generated by org.testng.reporters.JUnitReportReporter -->
<testsuite hostname="BLLTESTGOPAL" failures="0" tests="1" name="com.advaita.TestCreate.TestReAllocationCreate" time="13.936" errors="0" timestamp="2024-10-21T16:40:30 IST" skipped="0">
  <testcase classname="com.advaita.TestCreate.TestReAllocationCreate" name="verifyReAllocationCreate" time="13.936"/>
</testsuite> <!-- com.advaita.TestCreate.TestReAllocationCreate -->
