<?xml version="1.0" encoding="UTF-8"?>
<!-- Generated by org.testng.reporters.JUnitReportReporter -->
<testsuite hostname="BLLGOPALREDDY" failures="0" tests="5" name="com.advaita.TestCreate.TestMasterMenusCreate" time="8.161" errors="0" timestamp="2024-07-18T15:00:41 IST" skipped="0">
  <testcase classname="com.advaita.TestCreate.TestMasterMenusCreate" name="verifyNavigateToMasterMenus" time="2.966"/>
  <system-out/>
  <testcase classname="com.advaita.TestCreate.TestMasterMenusCreate" name="verifyCreateMasterMenusButton" time="0.769"/>
  <system-out/>
  <testcase classname="com.advaita.TestCreate.TestMasterMenusCreate" name="verifyMasterFormDropDown" time="3.073"/>
  <system-out/>
  <testcase classname="com.advaita.TestCreate.TestMasterMenusCreate" name="verifyMenuNameField" time="0.610"/>
  <system-out/>
  <testcase classname="com.advaita.TestCreate.TestMasterMenusCreate" name="verifyMasterMenuSaveButton" time="0.743"/>
  <system-out/>
</testsuite> <!-- com.advaita.TestCreate.TestMasterMenusCreate -->
