<?xml version="1.0" encoding="UTF-8"?>
<!-- Generated by org.testng.reporters.JUnitReportReporter -->
<testsuite hostname="BLLWYZABHIJITH" failures="0" tests="1" name="com.advaita.TestTable.TestProcessTable" time="12.366" errors="0" timestamp="2024-11-13T17:50:14 IST" skipped="0">
  <testcase classname="com.advaita.TestTable.TestProcessTable" name="verifyTheUserisAbleToEnterMoreThanCharcterLimitInProcessNameTextfieldAndSave" time="12.366"/>
</testsuite> <!-- com.advaita.TestTable.TestProcessTable -->
