<?xml version="1.0" encoding="UTF-8"?>
<!-- Generated by org.testng.reporters.JUnitReportReporter -->
<testsuite hostname="BLLWYZABHIJITH" failures="0" tests="1" name="com.advaita.TestCreate.TestSmstemplateCreate" time="23.543" errors="0" timestamp="2024-09-23T16:09:46 IST" skipped="0">
  <testcase classname="com.advaita.TestCreate.TestSmstemplateCreate" name="Disposition" time="23.543"/>
</testsuite> <!-- com.advaita.TestCreate.TestSmstemplateCreate -->
