<?xml version="1.0" encoding="UTF-8"?>
<!-- Generated by org.testng.reporters.JUnitReportReporter -->
<testsuite hostname="BLLTESTGOPAL" failures="0" tests="1" name="com.advaita.TestCreate.TestStagesCreate" time="7.213" errors="0" timestamp="2024-09-30T11:28:15 IST" skipped="0">
  <testcase classname="com.advaita.TestCreate.TestStagesCreate" name="verifyStageCreate" time="7.213"/>
</testsuite> <!-- com.advaita.TestCreate.TestStagesCreate -->
