<?xml version="1.0" encoding="UTF-8"?>
<!-- Generated by org.testng.reporters.JUnitReportReporter -->
<testsuite hostname="BLLGOPALREDDY" failures="0" tests="1" name="com.advaita.TestCreate.TestDataSetCreate" time="64.952" errors="0" timestamp="2024-09-02T13:02:14 IST" skipped="0">
  <testcase classname="com.advaita.TestCreate.TestDataSetCreate" name="verifyAutoGenerateQuestionCreateNewDatasetWithOutSpecifyingType" time="64.952"/>
  <system-out/>
</testsuite> <!-- com.advaita.TestCreate.TestDataSetCreate -->
