<?xml version="1.0" encoding="UTF-8"?>
<!-- Generated by org.testng.reporters.JUnitReportReporter -->
<testsuite hostname="BLLTESTGOPAL" failures="0" tests="10" name="com.advaita.TestCreate.TestManualAllocation" time="11.269" errors="0" timestamp="2025-06-06T16:18:30 IST" skipped="9">
  <testcase classname="com.advaita.TestCreate.TestManualAllocation" name="verifyProcessCreate" time="11.269"/>
  <testcase classname="com.advaita.TestCreate.TestManualAllocation" name="verifyCreateSamplingPlan">
    <skipped/>
  </testcase> <!-- verifyCreateSamplingPlan -->
  <testcase classname="com.advaita.TestCreate.TestManualAllocation" name="verifyCreateManualUpload">
    <skipped/>
  </testcase> <!-- verifyCreateManualUpload -->
  <testcase classname="com.advaita.TestCreate.TestManualAllocation" name="verifynewCreateMetaData">
    <skipped/>
  </testcase> <!-- verifynewCreateMetaData -->
  <testcase classname="com.advaita.TestCreate.TestManualAllocation" name="verifyUserCreateAndUserMapping2">
    <skipped/>
  </testcase> <!-- verifyUserCreateAndUserMapping2 -->
  <testcase classname="com.advaita.TestCreate.TestManualAllocation" name="verifyCreateNonMeasurable">
    <skipped/>
  </testcase> <!-- verifyCreateNonMeasurable -->
  <testcase classname="com.advaita.TestCreate.TestManualAllocation" name="verifyStageCreate">
    <skipped/>
  </testcase> <!-- verifyStageCreate -->
  <testcase classname="com.advaita.TestCreate.TestManualAllocation" name="verifyManualAllocationCreate">
    <skipped/>
  </testcase> <!-- verifyManualAllocationCreate -->
  <testcase classname="com.advaita.TestCreate.TestManualAllocation" name="verifyAutoGenerateQuestionCreateNewDatasetWithSpecifyingType">
    <skipped/>
  </testcase> <!-- verifyAutoGenerateQuestionCreateNewDatasetWithSpecifyingType -->
  <testcase classname="com.advaita.TestCreate.TestManualAllocation" name="verifyReAllocationCreate">
    <skipped/>
  </testcase> <!-- verifyReAllocationCreate -->
</testsuite> <!-- com.advaita.TestCreate.TestManualAllocation -->
