<?xml version="1.0" encoding="UTF-8"?>
<!-- Generated by org.testng.reporters.JUnitReportReporter -->
<testsuite hostname="BLLTESTGOPAL" failures="0" tests="1" name="com.advaita.TestCreate.TestMasterFieldsSetCreate" time="7.344" errors="0" timestamp="2024-10-04T14:45:01 IST" skipped="0">
  <testcase classname="com.advaita.TestCreate.TestMasterFieldsSetCreate" name="verifyAddMultipleFieldSetQuestions" time="7.344"/>
</testsuite> <!-- com.advaita.TestCreate.TestMasterFieldsSetCreate -->
