<?xml version="1.0" encoding="UTF-8"?>
<!-- Generated by org.testng.reporters.JUnitReportReporter -->
<testsuite hostname="BLLJAMESPAULR" failures="0" tests="1" name="com.advaita.TestCreate.UserSetupTest" time="1.475" errors="0" timestamp="2024-07-01T14:28:46 IST" skipped="0">
  <testcase classname="com.advaita.TestCreate.UserSetupTest" name="createAUserAccount" time="1.475"/>
  <system-out/>
</testsuite> <!-- com.advaita.TestCreate.UserSetupTest -->
