<?xml version="1.0" encoding="UTF-8"?>
<!-- Generated by org.testng.reporters.JUnitReportReporter -->
<testsuite hostname="BLLJAMESPAULR" failures="0" tests="1" name="com.advaita.TestTable.TestDataSetTable" time="11.837" errors="0" timestamp="2024-06-13T10:18:15 IST" skipped="0">
  <testcase classname="com.advaita.TestTable.TestDataSetTable" name="testDeleteFunction" time="11.837"/>
  <system-out/>
</testsuite> <!-- com.advaita.TestTable.TestDataSetTable -->
