<?xml version="1.0" encoding="UTF-8"?>
<!-- Generated by org.testng.reporters.JUnitReportReporter -->
<testsuite hostname="BLLTESTGOPAL" failures="0" tests="9" name="com.advaita.TestCreate.TestManualAllocation" time="129.441" errors="0" timestamp="2025-02-10T17:50:20 IST" skipped="4">
  <testcase classname="com.advaita.TestCreate.TestManualAllocation" name="verifyProcessCreate" time="13.366"/>
  <testcase classname="com.advaita.TestCreate.TestManualAllocation" name="verifyAutoGenerateQuestionCreateNewDatasetWithSpecifyingType" time="61.882"/>
  <testcase classname="com.advaita.TestCreate.TestManualAllocation" name="verifynewCreateMetaData" time="13.889"/>
  <testcase classname="com.advaita.TestCreate.TestManualAllocation" name="verifyCreateManualUpload" time="18.911"/>
  <testcase classname="com.advaita.TestCreate.TestManualAllocation" name="verifyStageCreate" time="21.393"/>
  <testcase classname="com.advaita.TestCreate.TestManualAllocation" name="verifyCreateNonMeasurable">
    <skipped/>
  </testcase> <!-- verifyCreateNonMeasurable -->
  <testcase classname="com.advaita.TestCreate.TestManualAllocation" name="verifyUserCreateAndUserMapping">
    <skipped/>
  </testcase> <!-- verifyUserCreateAndUserMapping -->
  <testcase classname="com.advaita.TestCreate.TestManualAllocation" name="verifyCreateSamplingPlan">
    <skipped/>
  </testcase> <!-- verifyCreateSamplingPlan -->
  <testcase classname="com.advaita.TestCreate.TestManualAllocation" name="verifyManualAllocationCreate">
    <skipped/>
  </testcase> <!-- verifyManualAllocationCreate -->
</testsuite> <!-- com.advaita.TestCreate.TestManualAllocation -->
