<?xml version="1.0" encoding="UTF-8"?>
<!-- Generated by org.testng.reporters.JUnitReportReporter -->
<testsuite hostname="BLLTESTGOPAL" failures="0" tests="10" name="com.advaita.TestCreate.TestReAllocationCreate" time="361.058" errors="0" timestamp="2024-10-23T12:51:55 IST" skipped="2">
  <testcase classname="com.advaita.TestCreate.TestReAllocationCreate" name="verifynewCreateMetaData" time="24.799"/>
  <testcase classname="com.advaita.TestCreate.TestReAllocationCreate" name="verifyCreateManualUpload" time="21.640"/>
  <testcase classname="com.advaita.TestCreate.TestReAllocationCreate" name="verifyCreateNonMeasurable" time="21.916"/>
  <testcase classname="com.advaita.TestCreate.TestReAllocationCreate" name="verifyStageCreate" time="37.054"/>
  <testcase classname="com.advaita.TestCreate.TestReAllocationCreate" name="verifyUserCreateAndUserMapping" time="17.412"/>
  <testcase classname="com.advaita.TestCreate.TestReAllocationCreate" name="verifyCreateSamplingPlan" time="21.774"/>
  <testcase classname="com.advaita.TestCreate.TestReAllocationCreate" name="verifyManualAllocationCreate" time="152.132"/>
  <testcase classname="com.advaita.TestCreate.TestReAllocationCreate" name="verifyReAllocationCreate" time="64.331"/>
  <testcase classname="com.advaita.TestCreate.TestReAllocationCreate" name="verifyAutoGenerateQuestionCreateNewDatasetWithSpecifyingType">
    <skipped/>
  </testcase> <!-- verifyAutoGenerateQuestionCreateNewDatasetWithSpecifyingType -->
  <testcase classname="com.advaita.TestCreate.TestReAllocationCreate" name="verifyProcessCreate">
    <skipped/>
  </testcase> <!-- verifyProcessCreate -->
</testsuite> <!-- com.advaita.TestCreate.TestReAllocationCreate -->
