<?xml version="1.0" encoding="UTF-8"?>
<!-- Generated by org.testng.reporters.JUnitReportReporter -->
<testsuite hostname="BLLGOPALREDDY" failures="0" tests="4" name="com.advaita.TestTable.TestMasterFieldsSetTable" time="0.000" errors="0" timestamp="2024-07-09T11:27:03 IST" skipped="4">
  <testcase classname="com.advaita.TestTable.TestMasterFieldsSetTable" name="verifyTabsForFieldSetCreate" time="0.000">
    <skipped/>
  </testcase> <!-- verifyTabsForFieldSetCreate -->
  <system-out/>
  <testcase classname="com.advaita.TestTable.TestMasterFieldsSetTable" name="verifyTablePageSearch" time="0.000">
    <skipped/>
  </testcase> <!-- verifyTablePageSearch -->
  <system-out/>
  <testcase classname="com.advaita.TestTable.TestMasterFieldsSetTable" name="verifyTableClearFilter" time="0.000">
    <skipped/>
  </testcase> <!-- verifyTableClearFilter -->
  <system-out/>
  <testcase classname="com.advaita.TestTable.TestMasterFieldsSetTable" name="verifyTablePagePaginationr" time="0.000">
    <skipped/>
  </testcase> <!-- verifyTablePagePaginationr -->
  <system-out/>
</testsuite> <!-- com.advaita.TestTable.TestMasterFieldsSetTable -->
