<?xml version="1.0" encoding="UTF-8"?>
<!-- Generated by org.testng.reporters.JUnitReportReporter -->
<testsuite hostname="BLLGOPALREDDY" failures="0" tests="1" name="com.advaita.TestCase.VerifyStages" time="17.132" errors="0" timestamp="2024-05-28T17:53:45 IST" skipped="0">
  <testcase classname="com.advaita.TestCase.VerifyStages" name="verifyStagesCreate" time="17.132"/>
</testsuite> <!-- com.advaita.TestCase.VerifyStages -->
