<?xml version="1.0" encoding="UTF-8"?>
<!-- Generated by org.testng.reporters.JUnitReportReporter -->
<testsuite hostname="BLLWYZABHIJITH" failures="0" tests="1" name="com.advaita.TestCreate.TestSkipReasonCreate" time="29.030" errors="0" timestamp="2024-10-05T11:58:38 IST" skipped="0">
  <testcase classname="com.advaita.TestCreate.TestSkipReasonCreate" name="CreateSkipreason" time="29.030"/>
</testsuite> <!-- com.advaita.TestCreate.TestSkipReasonCreate -->
