<?xml version="1.0" encoding="UTF-8"?>
<!-- Generated by org.testng.reporters.JUnitReportReporter -->
<testsuite hostname="BLLWYZABHIJITH" failures="0" tests="1" name="com.advaita.TestCreate.TestSmstemplateCreate" time="6.473" errors="0" timestamp="2024-08-05T10:25:45 IST" skipped="0">
  <testcase classname="com.advaita.TestCreate.TestSmstemplateCreate" name="CreateSmsTemplate" time="6.473"/>
  <system-out/>
</testsuite> <!-- com.advaita.TestCreate.TestSmstemplateCreate -->
