<?xml version="1.0" encoding="UTF-8"?>
<!-- Generated by org.testng.reporters.JUnitReportReporter -->
<testsuite hostname="BLLGOPALREDDY" failures="0" tests="11" name="com.advaita.TestCreate.TestStagesCreate" time="39.573" errors="0" timestamp="2024-09-23T13:12:22 IST" skipped="0">
  <testcase classname="com.advaita.TestCreate.TestStagesCreate" name="VerifyStagesTabIsDisplayed" time="1.088"/>
  <testcase classname="com.advaita.TestCreate.TestStagesCreate" name="verifyCreateStagesButton" time="0.966"/>
  <testcase classname="com.advaita.TestCreate.TestStagesCreate" name="verifyStageNameTextBox" time="0.282"/>
  <testcase classname="com.advaita.TestCreate.TestStagesCreate" name="verifyStageSelectProcessDropDown" time="2.073"/>
  <testcase classname="com.advaita.TestCreate.TestStagesCreate" name="verifyStageSelectSubProcessDropDown" time="1.298"/>
  <testcase classname="com.advaita.TestCreate.TestStagesCreate" name="verifyStageSelectSubSubProcessDropDown" time="1.306"/>
  <testcase classname="com.advaita.TestCreate.TestStagesCreate" name="verifyStageCalculationTypeDropDown" time="0.258"/>
  <testcase classname="com.advaita.TestCreate.TestStagesCreate" name="verifyAddSectionA" time="3.752"/>
  <testcase classname="com.advaita.TestCreate.TestStagesCreate" name="verifySectionB_addBlock" time="2.067"/>
  <testcase classname="com.advaita.TestCreate.TestStagesCreate" name="verifySelectMetaDataInAddBlockSectionB" time="14.155"/>
  <testcase classname="com.advaita.TestCreate.TestStagesCreate" name="verifyAddSection" time="12.328"/>
</testsuite> <!-- com.advaita.TestCreate.TestStagesCreate -->
