<?xml version="1.0" encoding="UTF-8"?>
<!-- Generated by org.testng.reporters.JUnitReportReporter -->
<testsuite hostname="BLLGOPALREDDY" failures="0" tests="4" name="com.advaita.TestTable.TestMasterFieldsSetTable" time="14.283" errors="0" timestamp="2024-06-20T12:19:05 IST" skipped="0">
  <testcase classname="com.advaita.TestTable.TestMasterFieldsSetTable" name="verifyTabsForFieldSetCreate" time="1.432"/>
  <system-out/>
  <testcase classname="com.advaita.TestTable.TestMasterFieldsSetTable" name="verifyTablePageSearch" time="0.752"/>
  <system-out/>
  <testcase classname="com.advaita.TestTable.TestMasterFieldsSetTable" name="verifyTableClearFilter" time="0.727"/>
  <system-out/>
  <testcase classname="com.advaita.TestTable.TestMasterFieldsSetTable" name="verifyTablePagePaginationr" time="11.372"/>
  <system-out/>
</testsuite> <!-- com.advaita.TestTable.TestMasterFieldsSetTable -->
