<?xml version="1.0" encoding="UTF-8"?>
<!-- Generated by org.testng.reporters.JUnitReportReporter -->
<testsuite hostname="BLLJAMESPAULR" failures="0" tests="1" name="com.advaita.TestClass.EscalationMatrixTest" time="36.347" errors="0" timestamp="2024-08-06T15:11:42 IST" skipped="0">
  <testcase classname="com.advaita.TestClass.EscalationMatrixTest" name="escalationMatrixCreateTest" time="36.347"/>
  <system-out/>
</testsuite> <!-- com.advaita.TestClass.EscalationMatrixTest -->
