<?xml version="1.0" encoding="UTF-8"?>
<!-- Generated by org.testng.reporters.JUnitReportReporter -->
<testsuite hostname="BLLWYZABHIJITH" failures="0" tests="2" name="com.advaita.TestCreate.TestUserStatusCreate" time="11.728" errors="0" timestamp="2024-09-06T10:53:44 IST" skipped="0">
  <testcase classname="com.advaita.TestCreate.TestUserStatusCreate" name="navigateToAmdinProfile" time="5.538"/>
  <testcase classname="com.advaita.TestCreate.TestUserStatusCreate" name="userStatusTable" time="6.190"/>
</testsuite> <!-- com.advaita.TestCreate.TestUserStatusCreate -->
