<?xml version="1.0" encoding="UTF-8"?>
<!-- Generated by org.testng.reporters.JUnitReportReporter -->
<testsuite hostname="BLLGOPALREDDY" failures="0" tests="3" name="com.advaita.TestCase.VerifyNonMeasurableSetPage" time="75.984" errors="0" timestamp="2024-05-13T11:07:04 IST" skipped="0">
  <testcase classname="com.advaita.TestCase.VerifyNonMeasurableSetPage" name="verifyNonMeasurableSetCreatePage" time="42.764"/>
  <testcase classname="com.advaita.TestCase.VerifyNonMeasurableSetPage" name="verifyNonMeasurableSetEditePage" time="12.789"/>
  <testcase classname="com.advaita.TestCase.VerifyNonMeasurableSetPage" name="verifyNonMeasurableSetTablePage" time="20.431"/>
</testsuite> <!-- com.advaita.TestCase.VerifyNonMeasurableSetPage -->
