<?xml version="1.0" encoding="UTF-8"?>
<!-- Generated by org.testng.reporters.JUnitReportReporter -->
<testsuite hostname="BLLGOPALREDDY" failures="0" tests="8" name="com.advaita.EndtoEnd.run.test.TEST_Advaita" time="170.788" errors="0" timestamp="2024-03-29T11:23:26 IST" skipped="0">
  <testcase classname="com.advaita.EndtoEnd.run.test.TEST_Advaita" name="verifyProcessCreate" time="11.738"/>
  <testcase classname="com.advaita.EndtoEnd.run.test.TEST_Advaita" name="verifyProcessEdite" time="15.486"/>
  <testcase classname="com.advaita.EndtoEnd.run.test.TEST_Advaita" name="verifyProcessTable" time="14.387"/>
  <testcase classname="com.advaita.EndtoEnd.run.test.TEST_Advaita" name="verifyCreateDataset" time="50.757"/>
  <testcase classname="com.advaita.EndtoEnd.run.test.TEST_Advaita" name="verifyEditDataset" time="6.520"/>
  <testcase classname="com.advaita.EndtoEnd.run.test.TEST_Advaita" name="verifydataSetTablePage" time="28.285"/>
  <testcase classname="com.advaita.EndtoEnd.run.test.TEST_Advaita" name="verifyCreateMetaData" time="34.503"/>
  <testcase classname="com.advaita.EndtoEnd.run.test.TEST_Advaita" name="verifyEditMetaData" time="9.112"/>
</testsuite> <!-- com.advaita.EndtoEnd.run.test.TEST_Advaita -->
