<?xml version="1.0" encoding="UTF-8"?>
<!-- Generated by org.testng.reporters.JUnitReportReporter -->
<testsuite hostname="BLLJAMESPAULR" failures="0" tests="1" name="com.advaita.TestCase.StageTest" time="4.728" errors="0" timestamp="2024-06-11T21:28:04 IST" skipped="0">
  <testcase classname="com.advaita.TestCase.StageTest" name="testMonthsInDatePicker" time="4.728"/>
  <system-out/>
</testsuite> <!-- com.advaita.TestCase.StageTest -->
