<?xml version="1.0" encoding="UTF-8"?>
<!-- Generated by org.testng.reporters.JUnitReportReporter -->
<testsuite hostname="BLLWYZABHIJITH" failures="0" tests="1" name="com.advaita.TestCreate.TestSkipReasonCreate" time="60.670" errors="0" timestamp="2024-08-05T20:01:21 IST" skipped="0">
  <testcase classname="com.advaita.TestCreate.TestSkipReasonCreate" name="Create_skipreason" time="60.670"/>
  <system-out/>
</testsuite> <!-- com.advaita.TestCreate.TestSkipReasonCreate -->
