<?xml version="1.0" encoding="UTF-8"?>
<!-- Generated by org.testng.reporters.JUnitReportReporter -->
<testsuite hostname="BLLTESTGOPAL" failures="0" tests="4" name="com.advaita.EndtoEnd.run.test.DataSetUpEndToEnd" time="133.916" errors="0" timestamp="2025-03-20T16:18:30 IST" skipped="0">
  <testcase classname="com.advaita.EndtoEnd.run.test.DataSetUpEndToEnd" name="verifyProcessCreate" time="13.724"/>
  <testcase classname="com.advaita.EndtoEnd.run.test.DataSetUpEndToEnd" name="verifyAutoGenerateQuestionCreateNewDatasetWithSpecifyingType" time="81.634"/>
  <testcase classname="com.advaita.EndtoEnd.run.test.DataSetUpEndToEnd" name="verifynewCreateMetaData" time="14.818"/>
  <testcase classname="com.advaita.EndtoEnd.run.test.DataSetUpEndToEnd" name="verifyCreateManualUpload" time="23.740"/>
</testsuite> <!-- com.advaita.EndtoEnd.run.test.DataSetUpEndToEnd -->
