<?xml version="1.0" encoding="UTF-8"?>
<!-- Generated by org.testng.reporters.JUnitReportReporter -->
<testsuite hostname="BLLGOPALREDDY" failures="0" tests="11" name="com.advaita.TestCreate.TestStagesCreate" time="33.478" errors="0" timestamp="2024-09-19T18:22:36 IST" skipped="0">
  <testcase classname="com.advaita.TestCreate.TestStagesCreate" name="VerifyStagesTabIsDisplayed" time="1.238"/>
  <testcase classname="com.advaita.TestCreate.TestStagesCreate" name="verifyCreateStagesButton" time="1.016"/>
  <testcase classname="com.advaita.TestCreate.TestStagesCreate" name="verifyStageNameTextBox" time="0.329"/>
  <testcase classname="com.advaita.TestCreate.TestStagesCreate" name="verifyStageSelectProcessDropDown" time="1.507"/>
  <testcase classname="com.advaita.TestCreate.TestStagesCreate" name="verifyStageSelectSubProcessDropDown" time="1.533"/>
  <testcase classname="com.advaita.TestCreate.TestStagesCreate" name="verifyStageSelectSubSubProcessDropDown" time="1.366"/>
  <testcase classname="com.advaita.TestCreate.TestStagesCreate" name="verifyStageCalculationTypeDropDown" time="0.368"/>
  <testcase classname="com.advaita.TestCreate.TestStagesCreate" name="verifyAddSectionA" time="5.426"/>
  <testcase classname="com.advaita.TestCreate.TestStagesCreate" name="verifySectionB_addBlock" time="1.868"/>
  <testcase classname="com.advaita.TestCreate.TestStagesCreate" name="verifySelectMetaDataInAddBlockSectionB" time="11.281"/>
  <testcase classname="com.advaita.TestCreate.TestStagesCreate" name="verifyAddSection" time="7.546"/>
</testsuite> <!-- com.advaita.TestCreate.TestStagesCreate -->
