<?xml version="1.0" encoding="UTF-8"?>
<!-- Generated by org.testng.reporters.JUnitReportReporter -->
<testsuite hostname="BLLGOPALREDDY" failures="0" tests="1" name="com.advaita.TestTable.TestDataSetTable" time="26.004" errors="0" timestamp="2024-05-31T11:36:10 IST" skipped="0">
  <testcase classname="com.advaita.TestTable.TestDataSetTable" name="verifydataSetTablePage" time="26.004"/>
  <system-out/>
</testsuite> <!-- com.advaita.TestTable.TestDataSetTable -->
