<?xml version="1.0" encoding="UTF-8"?>
<!-- Generated by org.testng.reporters.JUnitReportReporter -->
<testsuite hostname="BLLGOPALREDDY" failures="0" tests="3" name="com.advaita.EndtoEnd.run.test.DataSetUpEndToEnd" time="113.300" errors="0" timestamp="2024-09-04T11:13:57 IST" skipped="0">
  <testcase classname="com.advaita.EndtoEnd.run.test.DataSetUpEndToEnd" name="verifyAutoGenerateQuestionCreateNewDatasetWithSpecifyingType" time="66.483"/>
  <system-out/>
  <testcase classname="com.advaita.EndtoEnd.run.test.DataSetUpEndToEnd" name="verifynewCreateMetaData" time="23.139"/>
  <system-out/>
  <testcase classname="com.advaita.EndtoEnd.run.test.DataSetUpEndToEnd" name="verifyCreateManualUpload" time="23.678"/>
  <system-out/>
</testsuite> <!-- com.advaita.EndtoEnd.run.test.DataSetUpEndToEnd -->
