<?xml version="1.0" encoding="UTF-8"?>
<!-- Generated by org.testng.reporters.JUnitReportReporter -->
<testsuite hostname="BLLGOPALREDDY" failures="0" tests="1" name="com.advaita.TestCreate.TestMetaDataCreate" time="13.503" errors="0" timestamp="2024-09-02T16:07:46 IST" skipped="0">
  <testcase classname="com.advaita.TestCreate.TestMetaDataCreate" name="verifynewCreateMetaData" time="13.503"/>
  <system-out/>
</testsuite> <!-- com.advaita.TestCreate.TestMetaDataCreate -->
