<<<<<<< HEAD
<?xml version="1.0" encoding="UTF-8"?>
<!-- Generated by org.testng.reporters.JUnitReportReporter -->
<testsuite hostname="BLLGOPALREDDY" failures="0" tests="25" name="com.advaita.TestCreate.TestMasterFormsCreate" time="206.505" errors="0" timestamp="2024-07-18T11:27:42 IST" skipped="0">
  <testcase classname="com.advaita.TestCreate.TestMasterFormsCreate" name="verifyNavigationToProcessAndFetch" time="9.658"/>
  <system-out/>
  <testcase classname="com.advaita.TestCreate.TestMasterFormsCreate" name="verifyNavigationToFieldSet2" time="2.758"/>
  <system-out/>
  <testcase classname="com.advaita.TestCreate.TestMasterFormsCreate" name="verifyGetFieldSetSection1QuestionsForComparision" time="4.885"/>
  <system-out/>
  <testcase classname="com.advaita.TestCreate.TestMasterFormsCreate" name="verifyGetFieldSetSection2QuestionsForComparision" time="0.107"/>
  <system-out/>
  <testcase classname="com.advaita.TestCreate.TestMasterFormsCreate" name="verifyGetFieldSetSection3TableQuestionsForComparision" time="0.229"/>
  <system-out/>
  <testcase classname="com.advaita.TestCreate.TestMasterFormsCreate" name="verifyGetFieldSetSection1QuestionsType" time="9.665"/>
  <system-out/>
  <testcase classname="com.advaita.TestCreate.TestMasterFormsCreate" name="verifyGetFieldSetSection2QuestionsType" time="4.891"/>
  <system-out/>
  <testcase classname="com.advaita.TestCreate.TestMasterFormsCreate" name="verifyGetFieldSetSection3QuestionsType" time="3.294"/>
  <system-out/>
  <testcase classname="com.advaita.TestCreate.TestMasterFormsCreate" name="verifyNavigateToMasterForm" time="3.062"/>
  <system-out/>
  <testcase classname="com.advaita.TestCreate.TestMasterFormsCreate" name="verifyCreateButtonMasterForm" time="10.902"/>
  <system-out/>
  <testcase classname="com.advaita.TestCreate.TestMasterFormsCreate" name="verifyFormNameField" time="0.329"/>
  <system-out/>
  <testcase classname="com.advaita.TestCreate.TestMasterFormsCreate" name="verifyProcessDropdown" time="5.329"/>
  <system-out/>
  <testcase classname="com.advaita.TestCreate.TestMasterFormsCreate" name="verifySubProcessDropdown" time="2.160"/>
  <system-out/>
  <testcase classname="com.advaita.TestCreate.TestMasterFormsCreate" name="verifySubSubProcessDropdown" time="2.277"/>
  <system-out/>
  <testcase classname="com.advaita.TestCreate.TestMasterFormsCreate" name="verifyprimarySection" time="12.770"/>
  <system-out/>
  <testcase classname="com.advaita.TestCreate.TestMasterFormsCreate" name="verifyPrimarySectionFormFill" time="2.465"/>
  <system-out/>
  <testcase classname="com.advaita.TestCreate.TestMasterFormsCreate" name="verifyPrimarySection2FormFill" time="8.217"/>
  <system-out/>
  <testcase classname="com.advaita.TestCreate.TestMasterFormsCreate" name="verifyPrimarySection3FormFill" time="3.873"/>
  <system-out/>
  <testcase classname="com.advaita.TestCreate.TestMasterFormsCreate" name="verifySaveButton" time="5.558"/>
  <system-out/>
  <testcase classname="com.advaita.TestCreate.TestMasterFormsCreate" name="verifyFinalizeMasterFormInEditPage" time="10.258"/>
  <system-out/>
  <testcase classname="com.advaita.TestCreate.TestMasterFormsCreate" name="verifyDataSetValidationAfterCreationOfMasterForm" time="7.598"/>
  <system-out/>
  <testcase classname="com.advaita.TestCreate.TestMasterFormsCreate" name="verifyMetaDataValidationAfterCreationOfMasterForm" time="14.112"/>
  <system-out/>
  <testcase classname="com.advaita.TestCreate.TestMasterFormsCreate" name="verifyMasterFieldsAfterCreationOfMasterForm" time="33.764"/>
  <system-out/>
  <testcase classname="com.advaita.TestCreate.TestMasterFormsCreate" name="verifyMasterFillterAfterCreationOfMasterFields" time="31.081"/>
  <system-out/>
  <testcase classname="com.advaita.TestCreate.TestMasterFormsCreate" name="validationsAfterMasterFilterAndMasterFields" time="17.263"/>
  <system-out/>
</testsuite> <!-- com.advaita.TestCreate.TestMasterFormsCreate -->
=======
<?xml version="1.0" encoding="UTF-8"?>
<!-- Generated by org.testng.reporters.JUnitReportReporter -->
<testsuite hostname="BLLGOPALREDDY" failures="0" tests="25" name="com.advaita.TestCreate.TestMasterFormsCreate" time="206.505" errors="0" timestamp="2024-07-18T11:27:42 IST" skipped="0">
  <testcase classname="com.advaita.TestCreate.TestMasterFormsCreate" name="verifyNavigationToProcessAndFetch" time="9.658"/>
  <system-out/>
  <testcase classname="com.advaita.TestCreate.TestMasterFormsCreate" name="verifyNavigationToFieldSet2" time="2.758"/>
  <system-out/>
  <testcase classname="com.advaita.TestCreate.TestMasterFormsCreate" name="verifyGetFieldSetSection1QuestionsForComparision" time="4.885"/>
  <system-out/>
  <testcase classname="com.advaita.TestCreate.TestMasterFormsCreate" name="verifyGetFieldSetSection2QuestionsForComparision" time="0.107"/>
  <system-out/>
  <testcase classname="com.advaita.TestCreate.TestMasterFormsCreate" name="verifyGetFieldSetSection3TableQuestionsForComparision" time="0.229"/>
  <system-out/>
  <testcase classname="com.advaita.TestCreate.TestMasterFormsCreate" name="verifyGetFieldSetSection1QuestionsType" time="9.665"/>
  <system-out/>
  <testcase classname="com.advaita.TestCreate.TestMasterFormsCreate" name="verifyGetFieldSetSection2QuestionsType" time="4.891"/>
  <system-out/>
  <testcase classname="com.advaita.TestCreate.TestMasterFormsCreate" name="verifyGetFieldSetSection3QuestionsType" time="3.294"/>
  <system-out/>
  <testcase classname="com.advaita.TestCreate.TestMasterFormsCreate" name="verifyNavigateToMasterForm" time="3.062"/>
  <system-out/>
  <testcase classname="com.advaita.TestCreate.TestMasterFormsCreate" name="verifyCreateButtonMasterForm" time="10.902"/>
  <system-out/>
  <testcase classname="com.advaita.TestCreate.TestMasterFormsCreate" name="verifyFormNameField" time="0.329"/>
  <system-out/>
  <testcase classname="com.advaita.TestCreate.TestMasterFormsCreate" name="verifyProcessDropdown" time="5.329"/>
  <system-out/>
  <testcase classname="com.advaita.TestCreate.TestMasterFormsCreate" name="verifySubProcessDropdown" time="2.160"/>
  <system-out/>
  <testcase classname="com.advaita.TestCreate.TestMasterFormsCreate" name="verifySubSubProcessDropdown" time="2.277"/>
  <system-out/>
  <testcase classname="com.advaita.TestCreate.TestMasterFormsCreate" name="verifyprimarySection" time="12.770"/>
  <system-out/>
  <testcase classname="com.advaita.TestCreate.TestMasterFormsCreate" name="verifyPrimarySectionFormFill" time="2.465"/>
  <system-out/>
  <testcase classname="com.advaita.TestCreate.TestMasterFormsCreate" name="verifyPrimarySection2FormFill" time="8.217"/>
  <system-out/>
  <testcase classname="com.advaita.TestCreate.TestMasterFormsCreate" name="verifyPrimarySection3FormFill" time="3.873"/>
  <system-out/>
  <testcase classname="com.advaita.TestCreate.TestMasterFormsCreate" name="verifySaveButton" time="5.558"/>
  <system-out/>
  <testcase classname="com.advaita.TestCreate.TestMasterFormsCreate" name="verifyFinalizeMasterFormInEditPage" time="10.258"/>
  <system-out/>
  <testcase classname="com.advaita.TestCreate.TestMasterFormsCreate" name="verifyDataSetValidationAfterCreationOfMasterForm" time="7.598"/>
  <system-out/>
  <testcase classname="com.advaita.TestCreate.TestMasterFormsCreate" name="verifyMetaDataValidationAfterCreationOfMasterForm" time="14.112"/>
  <system-out/>
  <testcase classname="com.advaita.TestCreate.TestMasterFormsCreate" name="verifyMasterFieldsAfterCreationOfMasterForm" time="33.764"/>
  <system-out/>
  <testcase classname="com.advaita.TestCreate.TestMasterFormsCreate" name="verifyMasterFillterAfterCreationOfMasterFields" time="31.081"/>
  <system-out/>
  <testcase classname="com.advaita.TestCreate.TestMasterFormsCreate" name="validationsAfterMasterFilterAndMasterFields" time="17.263"/>
  <system-out/>
</testsuite> <!-- com.advaita.TestCreate.TestMasterFormsCreate -->
>>>>>>> a4f565925a2e10e89de894cc7ce41bbe513466f4
