<?xml version="1.0" encoding="UTF-8"?>
<!-- Generated by org.testng.reporters.JUnitReportReporter -->
<testsuite hostname="BLLGOPALREDDY" failures="0" tests="1" name="Advaita_TDD.Advaita_TDD.TestAutomation" time="17.650" errors="0" timestamp="2024-09-09T14:26:55 IST" skipped="0">
  <testcase classname="Advaita_TDD.Advaita_TDD.TestAutomation" name="testLoginAndLogoutOnDifferentDevices" time="17.650"/>
  <system-out/>
</testsuite> <!-- Advaita_TDD.Advaita_TDD.TestAutomation -->
