<?xml version="1.0" encoding="UTF-8"?>
<!-- Generated by org.testng.reporters.JUnitReportReporter -->
<testsuite hostname="BLLJAMESPAULR" failures="0" tests="1" name="com.advaita.TestCreate.TestProcessCreate" time="17.635" errors="0" timestamp="2024-07-17T10:20:44 IST" skipped="0">
  <testcase classname="com.advaita.TestCreate.TestProcessCreate" name="verifyProcessCreate" time="17.635"/>
  <system-out/>
</testsuite> <!-- com.advaita.TestCreate.TestProcessCreate -->
