<?xml version="1.0" encoding="UTF-8"?>
<!-- Generated by org.testng.reporters.JUnitReportReporter -->
<testsuite hostname="BLLWYZABHIJITH" failures="0" tests="1" name="com.advaita.TestCreate.TestWhatsappTemplateCreate" time="3.074" errors="0" timestamp="2024-11-05T15:32:38 IST" skipped="0">
  <testcase classname="com.advaita.TestCreate.TestWhatsappTemplateCreate" name="searchThroughStagesInSearchTextfield" time="3.074"/>
</testsuite> <!-- com.advaita.TestCreate.TestWhatsappTemplateCreate -->
