<?xml version="1.0" encoding="UTF-8"?>
<!-- Generated by org.testng.reporters.JUnitReportReporter -->
<testsuite hostname="BLLWYZABHIJITH" failures="0" tests="1" name="com.advaita.TestTable.TestCallLogStageView" time="3.745" errors="0" timestamp="2024-11-22T17:47:34 IST" skipped="0">
  <testcase classname="com.advaita.TestTable.TestCallLogStageView" name="verifyTheUserIsAbleToDeleteTheDeleteTheSatgesAndCheckItIsnOtDispalyedInCSVSearchStagesDrodpown" time="3.745"/>
</testsuite> <!-- com.advaita.TestTable.TestCallLogStageView -->
