<?xml version="1.0" encoding="UTF-8"?>
<!-- Generated by org.testng.reporters.JUnitReportReporter -->
<testsuite hostname="BLLWYZABHIJITH" failures="0" tests="1" name="com.advaita.TestCase.VerifyProcess" time="12.594" errors="0" timestamp="2024-05-31T15:13:29 IST" skipped="0">
  <testcase classname="com.advaita.TestCase.VerifyProcess" name="verifyProcessCreate" time="12.594"/>
</testsuite> <!-- com.advaita.TestCase.VerifyProcess -->
