<<<<<<< HEAD
<?xml version="1.0" encoding="UTF-8"?>
<!-- Generated by org.testng.reporters.JUnitReportReporter -->
<testsuite hostname="BLLGOPALREDDY" failures="0" tests="19" name="com.advaita.TestCreate.TestMasterForms" time="81.419" errors="0" timestamp="2024-07-08T18:10:57 IST" skipped="0">
  <testcase classname="com.advaita.TestCreate.TestMasterForms" name="verifyNavigationToProcessAndFetch" time="6.127"/>
  <system-out/>
  <testcase classname="com.advaita.TestCreate.TestMasterForms" name="verifyNavigationToFieldSet" time="2.226"/>
  <system-out/>
  <testcase classname="com.advaita.TestCreate.TestMasterForms" name="verifyGetFieldSetSection1QuestionsForComparision" time="4.133"/>
  <system-out/>
  <testcase classname="com.advaita.TestCreate.TestMasterForms" name="verifyGetFieldSetSection2QuestionsForComparision" time="0.143"/>
  <system-out/>
  <testcase classname="com.advaita.TestCreate.TestMasterForms" name="verifyGetFieldSetSection3TableQuestionsForComparision" time="0.235"/>
  <system-out/>
  <testcase classname="com.advaita.TestCreate.TestMasterForms" name="verifyGetFieldSetSection1QuestionsType" time="8.036"/>
  <system-out/>
  <testcase classname="com.advaita.TestCreate.TestMasterForms" name="verifyGetFieldSetSection2QuestionsType" time="4.827"/>
  <system-out/>
  <testcase classname="com.advaita.TestCreate.TestMasterForms" name="verifyGetFieldSetSection3QuestionsType" time="3.232"/>
  <system-out/>
  <testcase classname="com.advaita.TestCreate.TestMasterForms" name="verifyNavigateToMasterForm" time="2.679"/>
  <system-out/>
  <testcase classname="com.advaita.TestCreate.TestMasterForms" name="verifyCreateButtonMasterForm" time="1.011"/>
  <system-out/>
  <testcase classname="com.advaita.TestCreate.TestMasterForms" name="verifyFormNameField" time="1.480"/>
  <system-out/>
  <testcase classname="com.advaita.TestCreate.TestMasterForms" name="verifyProcessDropdown" time="5.635"/>
  <system-out/>
  <testcase classname="com.advaita.TestCreate.TestMasterForms" name="verifySubProcessDropdown" time="1.913"/>
  <system-out/>
  <testcase classname="com.advaita.TestCreate.TestMasterForms" name="verifySubSubProcessDropdown" time="2.057"/>
  <system-out/>
  <testcase classname="com.advaita.TestCreate.TestMasterForms" name="verifyprimarySection" time="10.648"/>
  <system-out/>
  <testcase classname="com.advaita.TestCreate.TestMasterForms" name="verifyPrimarySectionFormFill" time="2.271"/>
  <system-out/>
  <testcase classname="com.advaita.TestCreate.TestMasterForms" name="verifyPrimarySection2FormFill" time="15.395"/>
  <system-out/>
  <testcase classname="com.advaita.TestCreate.TestMasterForms" name="verifyPrimarySection3FormFill" time="3.545"/>
  <system-out/>
  <testcase classname="com.advaita.TestCreate.TestMasterForms" name="verifySaveButton" time="5.826"/>
  <system-out/>
</testsuite> <!-- com.advaita.TestCreate.TestMasterForms -->
=======
<?xml version="1.0" encoding="UTF-8"?>
<!-- Generated by org.testng.reporters.JUnitReportReporter -->
<testsuite hostname="BLLGOPALREDDY" failures="0" tests="19" name="com.advaita.TestCreate.TestMasterForms" time="81.419" errors="0" timestamp="2024-07-08T18:10:57 IST" skipped="0">
  <testcase classname="com.advaita.TestCreate.TestMasterForms" name="verifyNavigationToProcessAndFetch" time="6.127"/>
  <system-out/>
  <testcase classname="com.advaita.TestCreate.TestMasterForms" name="verifyNavigationToFieldSet" time="2.226"/>
  <system-out/>
  <testcase classname="com.advaita.TestCreate.TestMasterForms" name="verifyGetFieldSetSection1QuestionsForComparision" time="4.133"/>
  <system-out/>
  <testcase classname="com.advaita.TestCreate.TestMasterForms" name="verifyGetFieldSetSection2QuestionsForComparision" time="0.143"/>
  <system-out/>
  <testcase classname="com.advaita.TestCreate.TestMasterForms" name="verifyGetFieldSetSection3TableQuestionsForComparision" time="0.235"/>
  <system-out/>
  <testcase classname="com.advaita.TestCreate.TestMasterForms" name="verifyGetFieldSetSection1QuestionsType" time="8.036"/>
  <system-out/>
  <testcase classname="com.advaita.TestCreate.TestMasterForms" name="verifyGetFieldSetSection2QuestionsType" time="4.827"/>
  <system-out/>
  <testcase classname="com.advaita.TestCreate.TestMasterForms" name="verifyGetFieldSetSection3QuestionsType" time="3.232"/>
  <system-out/>
  <testcase classname="com.advaita.TestCreate.TestMasterForms" name="verifyNavigateToMasterForm" time="2.679"/>
  <system-out/>
  <testcase classname="com.advaita.TestCreate.TestMasterForms" name="verifyCreateButtonMasterForm" time="1.011"/>
  <system-out/>
  <testcase classname="com.advaita.TestCreate.TestMasterForms" name="verifyFormNameField" time="1.480"/>
  <system-out/>
  <testcase classname="com.advaita.TestCreate.TestMasterForms" name="verifyProcessDropdown" time="5.635"/>
  <system-out/>
  <testcase classname="com.advaita.TestCreate.TestMasterForms" name="verifySubProcessDropdown" time="1.913"/>
  <system-out/>
  <testcase classname="com.advaita.TestCreate.TestMasterForms" name="verifySubSubProcessDropdown" time="2.057"/>
  <system-out/>
  <testcase classname="com.advaita.TestCreate.TestMasterForms" name="verifyprimarySection" time="10.648"/>
  <system-out/>
  <testcase classname="com.advaita.TestCreate.TestMasterForms" name="verifyPrimarySectionFormFill" time="2.271"/>
  <system-out/>
  <testcase classname="com.advaita.TestCreate.TestMasterForms" name="verifyPrimarySection2FormFill" time="15.395"/>
  <system-out/>
  <testcase classname="com.advaita.TestCreate.TestMasterForms" name="verifyPrimarySection3FormFill" time="3.545"/>
  <system-out/>
  <testcase classname="com.advaita.TestCreate.TestMasterForms" name="verifySaveButton" time="5.826"/>
  <system-out/>
</testsuite> <!-- com.advaita.TestCreate.TestMasterForms -->
>>>>>>> a4f565925a2e10e89de894cc7ce41bbe513466f4
