<?xml version="1.0" encoding="UTF-8"?>
<!-- Generated by org.testng.reporters.JUnitReportReporter -->
<testsuite hostname="BLLJAMESPAULR" failures="0" tests="1" name="com.advaita.TestClass.VerifyMeasurableSet" time="17.608" errors="0" timestamp="2024-07-01T16:29:10 IST" skipped="0">
  <testcase classname="com.advaita.TestClass.VerifyMeasurableSet" name="verifyMeasurableSetCreatePage" time="17.608"/>
  <system-out/>
</testsuite> <!-- com.advaita.TestClass.VerifyMeasurableSet -->
