<?xml version="1.0" encoding="UTF-8"?>
<!-- Generated by org.testng.reporters.JUnitReportReporter -->
<testsuite hostname="BLLWYZABHIJITH" failures="0" tests="1" name="com.advaita.TestCreate.TestMasterFieldsSetCreate" time="8.086" errors="0" timestamp="2024-08-27T17:48:22 IST" skipped="0">
  <testcase classname="com.advaita.TestCreate.TestMasterFieldsSetCreate" name="verifyAddFormFieldSetInCreateFieldSet" time="8.086"/>
</testsuite> <!-- com.advaita.TestCreate.TestMasterFieldsSetCreate -->
