<?xml version="1.0" encoding="UTF-8"?>
<!-- Generated by org.testng.reporters.JUnitReportReporter -->
<testsuite hostname="BLLWYZABHIJITH" failures="0" tests="1" name="com.advaita.TestTable.TestMasterFieldsSetTable" time="2.469" errors="0" timestamp="2024-06-20T10:00:50 IST" skipped="0">
  <testcase classname="com.advaita.TestTable.TestMasterFieldsSetTable" name="verifyTabsForFieldSetCreate" time="2.469"/>
  <system-out/>
</testsuite> <!-- com.advaita.TestTable.TestMasterFieldsSetTable -->
