<?xml version="1.0" encoding="UTF-8"?>
<!-- Generated by org.testng.reporters.JUnitReportReporter -->
<testsuite hostname="BLLGOPALREDDY" failures="0" tests="1" name="Advaita_TDD.Advaita_TDD.TestAutomation" time="10.432" errors="0" timestamp="2024-09-06T16:28:25 IST" skipped="0">
  <testcase classname="Advaita_TDD.Advaita_TDD.TestAutomation" name="testLoginAndLogoutOnDifferentDevices" time="10.432"/>
  <system-out/>
</testsuite> <!-- Advaita_TDD.Advaita_TDD.TestAutomation -->
